<?xml version="1.0" encoding="UTF-8"?>
<!-- Generated by org.testng.reporters.JUnitReportReporter -->
<testsuite hostname="DESKTOP-UU6ILCO" name="MavenTest.NewTest" tests="13" failures="0" timestamp="28 Jun 2018 07:40:20 GMT" time="56.593" errors="0">
  <testcase name="AddProductToWishlist" time="4.488" classname="MavenTest.NewTest"/>
  <testcase name="AddProductInCart" time="7.921" classname="MavenTest.NewTest"/>
  <testcase name="CheckMyAccount" time="3.579" classname="MavenTest.NewTest"/>
  <testcase name="LogOut" time="3.578" classname="MavenTest.NewTest"/>
  <testcase name="LoginWithInvalidData" time="3.112" classname="MavenTest.NewTest"/>
  <testcase name="OpenCategory" time="1.831" classname="MavenTest.NewTest"/>
  <testcase name="CheckCompare" time="15.403" classname="MavenTest.NewTest"/>
  <testcase name="RemoveFromWishlist" time="0.161" classname="MavenTest.NewTest"/>
  <testcase name="RemoveFromCompare" time="0.165" classname="MavenTest.NewTest"/>
  <testcase name="RemoveProductFromCart" time="2.468" classname="MavenTest.NewTest"/>
  <testcase name="LoginWithValidData" time="2.830" classname="MavenTest.NewTest"/>
  <testcase name="OpenURL" time="3.860" classname="MavenTest.NewTest"/>
  <testcase name="AddToCompare" time="7.197" classname="MavenTest.NewTest"/>
</testsuite> <!-- MavenTest.NewTest -->
