<?xml version="1.0" encoding="UTF-8"?>
<!-- Generated by org.testng.reporters.JUnitReportReporter -->
<testsuite hostname="DESKTOP-UU6ILCO" name="MavenTest.NewTest" tests="3" failures="0" timestamp="26 Jun 2018 11:45:17 GMT" time="8.492" errors="0">
  <testcase name="OpenBrowser" time="3.974" classname="MavenTest.NewTest"/>
  <testcase name="ValiditionError" time="2.178" classname="MavenTest.NewTest"/>
  <testcase name="LoginSuccessfully" time="2.340" classname="MavenTest.NewTest"/>
</testsuite> <!-- MavenTest.NewTest -->
