<?xml version="1.0" encoding="UTF-8"?>
<!-- Generated by org.testng.reporters.JUnitReportReporter -->
<testsuite hostname="DESKTOP-UU6ILCO" name="MavenTest.NewTest" tests="2" failures="0" timestamp="26 Jun 2018 09:56:58 GMT" time="6.090" errors="0">
  <testcase name="OpenBrowser" time="1.809" classname="MavenTest.NewTest"/>
  <testcase name="LoginSuccessfully" time="4.281" classname="MavenTest.NewTest"/>
</testsuite> <!-- MavenTest.NewTest -->
